<?xml version="1.0" encoding="UTF-8"?>
<!-- Generated by org.testng.reporters.JUnitReportReporter -->
<testsuite hostname="LAPTOP-P9E99UVO" failures="0" tests="1" name="com.qa.testscript.TC_HotelPackage_004" time="39.087" errors="0" timestamp="2021-09-14T16:43:09 IST" skipped="0">
  <testcase classname="com.qa.testscript.TC_HotelPackage_004" name="HotelPackageForm" time="39.087"/>
  <system-out/>
</testsuite> <!-- com.qa.testscript.TC_HotelPackage_004 -->
