<?xml version="1.0" encoding="UTF-8"?>
<!-- Generated by org.testng.reporters.JUnitReportReporter -->
<testsuite hostname="LAPTOP-P9E99UVO" failures="0" tests="1" name="com.qa.testscript.TC_FooterLinks_007" time="77.169" errors="0" timestamp="2021-09-14T18:08:00 IST" skipped="0">
  <testcase classname="com.qa.testscript.TC_FooterLinks_007" name="checkFooterLinks" time="77.169"/>
  <system-out>
    <![CDATA[No of Tabs are ==>5
SpiceJet - Flight Booking for Domestic and International, Cheap Air Tickets
Site Map | SpiceJet Airlines
GST Information
Low Cost Air Travel, International Flight Tickets from India, Cheap Airline Tickets India | SpiceJet Airlines
Privacy Policy | SpiceJet Airlines]]>
  </system-out>
</testsuite> <!-- com.qa.testscript.TC_FooterLinks_007 -->
