<?xml version="1.0" encoding="UTF-8"?>
<!-- Generated by org.testng.reporters.JUnitReportReporter -->
<testsuite hostname="LAPTOP-P9E99UVO" failures="0" tests="1" name="com.qa.testscript.TC_GiftCard_008" time="48.593" errors="0" timestamp="2021-09-14T16:43:09 IST" skipped="0">
  <testcase classname="com.qa.testscript.TC_GiftCard_008" name="ClickLinkOfGC" time="48.593"/>
  <system-out/>
</testsuite> <!-- com.qa.testscript.TC_GiftCard_008 -->
