<?xml version="1.0" encoding="UTF-8"?>
<!-- Generated by org.testng.reporters.JUnitReportReporter -->
<testsuite hostname="LAPTOP-JL7II6BG" failures="0" tests="1" name="com.qa.testscript.TC_SignUp_11" time="27.608" errors="0" timestamp="2021-09-11T20:11:35 IST" skipped="0">
  <testcase classname="com.qa.testscript.TC_SignUp_11" name="Signupform" time="27.608"/>
  <system-out/>
</testsuite> <!-- com.qa.testscript.TC_SignUp_11 -->
