<?xml version="1.0" encoding="UTF-8"?>
<!-- Generated by org.testng.reporters.JUnitReportReporter -->
<testsuite hostname="LAPTOP-P9E99UVO" failures="0" tests="1" name="com.qa.testscript.TC_FlightStatus_001" time="14.794" errors="0" timestamp="2021-09-15T22:25:21 IST" skipped="0">
  <testcase classname="com.qa.testscript.TC_FlightStatus_001" name="flight_Status" time="14.794"/>
  <system-out/>
</testsuite> <!-- com.qa.testscript.TC_FlightStatus_001 -->
