<?xml version="1.0" encoding="UTF-8"?>
<!-- Generated by org.testng.reporters.JUnitReportReporter -->
<testsuite hostname="LAPTOP-JL7II6BG" failures="0" tests="2" name="com.qa.testscript.Tc_StudentDiscount__006" time="23.748" errors="0" timestamp="2021-09-11T10:55:30 IST" skipped="0">
  <testcase classname="com.qa.testscript.Tc_StudentDiscount__006" name="clickAddon" time="20.715"/>
  <system-out/>
  <testcase classname="com.qa.testscript.Tc_StudentDiscount__006" name="siteLinks" time="3.033"/>
  <system-out/>
</testsuite> <!-- com.qa.testscript.Tc_StudentDiscount__006 -->
