<?xml version="1.0" encoding="UTF-8"?>
<!-- Generated by org.testng.reporters.JUnitReportReporter -->
<testsuite hostname="LAPTOP-JL7II6BG" failures="0" tests="1" name="com.qa.testscript.TC_Login_002" time="15.873" errors="0" timestamp="2021-09-13T09:25:06 IST" skipped="0">
  <testcase classname="com.qa.testscript.TC_Login_002" name="Loginform" time="15.873"/>
  <system-out/>
</testsuite> <!-- com.qa.testscript.TC_Login_002 -->
