<?xml version="1.0" encoding="UTF-8"?>
<!-- Generated by org.testng.reporters.JUnitReportReporter -->
<testsuite hostname="LAPTOP-JL7II6BG" failures="0" tests="1" name="com.qa.testscript.TC_FooterLinks_008" time="57.321" errors="0" timestamp="2021-09-11T10:55:30 IST" skipped="0">
  <testcase classname="com.qa.testscript.TC_FooterLinks_008" name="checkFooterLinks" time="57.321"/>
  <system-out/>
</testsuite> <!-- com.qa.testscript.TC_FooterLinks_008 -->
