<?xml version="1.0" encoding="UTF-8"?>
<!-- Generated by org.testng.reporters.JUnitReportReporter -->
<testsuite hostname="LAPTOP-P9E99UVO" failures="0" tests="1" name="com.qa.testscript.TC_SignUp_001" time="34.270" errors="0" timestamp="2021-09-14T16:43:08 IST" skipped="0">
  <testcase classname="com.qa.testscript.TC_SignUp_001" name="Signupform" time="34.270"/>
  <system-out/>
</testsuite> <!-- com.qa.testscript.TC_SignUp_001 -->
