<?xml version="1.0" encoding="UTF-8"?>
<!-- Generated by org.testng.reporters.JUnitReportReporter -->
<testsuite hostname="LAPTOP-JL7II6BG" failures="0" tests="2" name="com.qa.testscript.TC_StudentDiscount__005" time="38.174" errors="0" timestamp="2021-09-13T09:25:06 IST" skipped="0">
  <testcase classname="com.qa.testscript.TC_StudentDiscount__005" name="clickAddon" time="34.743"/>
  <system-out/>
  <testcase classname="com.qa.testscript.TC_StudentDiscount__005" name="siteLinks" time="3.431"/>
  <system-out/>
</testsuite> <!-- com.qa.testscript.TC_StudentDiscount__005 -->
