<?xml version="1.0" encoding="UTF-8"?>
<!-- Generated by org.testng.reporters.JUnitReportReporter -->
<testsuite hostname="LAPTOP-JL7II6BG" failures="0" tests="1" name="com.qa.testscript.TC_FooterLinks_007" time="39.424" errors="0" timestamp="2021-09-13T09:25:06 IST" skipped="0">
  <testcase classname="com.qa.testscript.TC_FooterLinks_007" name="checkFooterLinks" time="39.424"/>
  <system-out/>
</testsuite> <!-- com.qa.testscript.TC_FooterLinks_007 -->
