<?xml version="1.0" encoding="UTF-8"?>
<!-- Generated by org.testng.reporters.JUnitReportReporter -->
<testsuite hostname="LAPTOP-P9E99UVO" failures="0" tests="2" name="com.qa.testscript.TC_StudentDiscount__005" time="50.234" errors="0" timestamp="2021-09-14T16:43:09 IST" skipped="0">
  <testcase classname="com.qa.testscript.TC_StudentDiscount__005" name="clickAddon" time="44.257"/>
  <system-out/>
  <testcase classname="com.qa.testscript.TC_StudentDiscount__005" name="siteLinks" time="5.977"/>
  <system-out/>
</testsuite> <!-- com.qa.testscript.TC_StudentDiscount__005 -->
